[2025-09-28 22:45:18] 
╔══════════════════════════════════════════════════════════════╗
║            SHADOW MONITOR - 24/7 VULNERABILITY TRACKER       ║
║                       Always Hunting...                       ║
╚══════════════════════════════════════════════════════════════╝
        
[2025-09-28 22:45:18] 
🔄 Monitoring Cycle #1
[2025-09-28 22:45:18] Time: 2025-09-28 22:45:18
[2025-09-28 22:45:18] 🔍 Scanning for new high-value bounties...
[2025-09-28 22:45:18]    ✅ Found: Wormhole - Max: $10,000,000
[2025-09-28 22:45:18]    ✅ Found: Arbitrum Bridge - Max: $2,000,000
[2025-09-28 22:45:18] 🎯 Monitoring primary target: Across Protocol V3
[2025-09-28 22:45:18]    📝 1 new commits detected
[2025-09-28 22:45:18]    ⚠️  Analyzing changes for vulnerability patches...
[2025-09-28 22:45:18] 🔄 Scanning alternative targets...
[2025-09-28 22:45:18] 🐎 Checking infiltration status...
[2025-09-28 22:45:18]    Status: Testing exploit on local fork
[2025-09-28 22:45:18] 🚨 ALERT: New high-value bounties detected!
[2025-09-28 22:45:18] 💤 Sleeping for 300 seconds...
[2025-09-28 22:50:18] 
🔄 Monitoring Cycle #2
[2025-09-28 22:50:18] Time: 2025-09-28 22:50:18
[2025-09-28 22:50:18] 🔍 Scanning for new high-value bounties...
[2025-09-28 22:50:18]    ✅ Found: Wormhole - Max: $10,000,000
[2025-09-28 22:50:18]    ✅ Found: Arbitrum Bridge - Max: $2,000,000
[2025-09-28 22:50:18] 🎯 Monitoring primary target: Across Protocol V3
[2025-09-28 22:50:18]    📝 4 new commits detected
[2025-09-28 22:50:18]    ⚠️  Analyzing changes for vulnerability patches...
[2025-09-28 22:50:18] 🔄 Scanning alternative targets...
[2025-09-28 22:50:18] 🐎 Checking infiltration status...
[2025-09-28 22:50:18]    Status: Preparing Immunefi submission
[2025-09-28 22:50:18] 🚨 ALERT: New high-value bounties detected!
[2025-09-28 22:50:18] 🚨 ALERT: Significant contract changes - review immediately!
[2025-09-28 22:50:18] 💤 Sleeping for 300 seconds...
[2025-09-28 22:55:18] 
🔄 Monitoring Cycle #3
[2025-09-28 22:55:18] Time: 2025-09-28 22:55:18
[2025-09-28 22:55:18] 🔍 Scanning for new high-value bounties...
[2025-09-28 22:55:18]    ✅ Found: Wormhole - Max: $10,000,000
[2025-09-28 22:55:18]    ✅ Found: Arbitrum Bridge - Max: $2,000,000
[2025-09-28 22:55:18] 🎯 Monitoring primary target: Across Protocol V3
[2025-09-28 22:55:18]    📝 3 new commits detected
[2025-09-28 22:55:18]    ⚠️  Analyzing changes for vulnerability patches...
[2025-09-28 22:55:18] 🔄 Scanning alternative targets...
[2025-09-28 22:55:18] 🐎 Checking infiltration status...
[2025-09-28 22:55:18]    Status: Testing exploit on local fork
[2025-09-28 22:55:18] 🚨 ALERT: New high-value bounties detected!
[2025-09-28 22:55:18] 💤 Sleeping for 300 seconds...
[2025-09-28 23:00:18] 
🔄 Monitoring Cycle #4
[2025-09-28 23:00:18] Time: 2025-09-28 23:00:18
[2025-09-28 23:00:18] 🔍 Scanning for new high-value bounties...
[2025-09-28 23:00:18]    ✅ Found: Wormhole - Max: $10,000,000
[2025-09-28 23:00:18]    ✅ Found: Arbitrum Bridge - Max: $2,000,000
[2025-09-28 23:00:18] 🎯 Monitoring primary target: Across Protocol V3
[2025-09-28 23:00:18]    📝 5 new commits detected
[2025-09-28 23:00:18]    ⚠️  Analyzing changes for vulnerability patches...
[2025-09-28 23:00:18]    💰 TVL increased by 5.22%
[2025-09-28 23:00:18]    📈 Higher TVL = Higher potential bounty
[2025-09-28 23:00:18] 🔄 Scanning alternative targets...
[2025-09-28 23:00:18] 🐎 Checking infiltration status...
[2025-09-28 23:00:18]    Status: Testing exploit on local fork
[2025-09-28 23:00:18] 🚨 ALERT: New high-value bounties detected!
[2025-09-28 23:00:18] 🚨 ALERT: Significant contract changes - review immediately!
[2025-09-28 23:00:18] 💤 Sleeping for 300 seconds...
[2025-09-28 23:05:18] 
🔄 Monitoring Cycle #5
[2025-09-28 23:05:18] Time: 2025-09-28 23:05:18
[2025-09-28 23:05:18] 🔍 Scanning for new high-value bounties...
[2025-09-28 23:05:18]    ✅ Found: Wormhole - Max: $10,000,000
[2025-09-28 23:05:18]    ✅ Found: Arbitrum Bridge - Max: $2,000,000
[2025-09-28 23:05:18] 🎯 Monitoring primary target: Across Protocol V3
[2025-09-28 23:05:18]    📝 5 new commits detected
[2025-09-28 23:05:18]    ⚠️  Analyzing changes for vulnerability patches...
[2025-09-28 23:05:18] 🔄 Scanning alternative targets...
[2025-09-28 23:05:18] 🐎 Checking infiltration status...
[2025-09-28 23:05:18]    Status: SDK proposal pending review
[2025-09-28 23:05:18] 
============================================================
[2025-09-28 23:05:18] 📊 SHADOW HUNTER STATUS REPORT
[2025-09-28 23:05:18] ============================================================
[2025-09-28 23:05:18] Primary Target: Across Protocol V3
[2025-09-28 23:05:18] Vulnerabilities: 16 (4 high)
[2025-09-28 23:05:18] Expected Earnings: $407,250
[2025-09-28 23:05:18] Payment Address: 0x958BD67f2f6be2Dc46D0e9e0Dd6d33F52EfCA67C
[2025-09-28 23:05:18] ============================================================

[2025-09-28 23:05:18] 🚨 ALERT: New high-value bounties detected!
[2025-09-28 23:05:18] 🚨 ALERT: Significant contract changes - review immediately!
[2025-09-28 23:05:18] 💤 Sleeping for 300 seconds...
[2025-09-28 23:10:18] 
🔄 Monitoring Cycle #6
[2025-09-28 23:10:18] Time: 2025-09-28 23:10:18
[2025-09-28 23:10:18] 🔍 Scanning for new high-value bounties...
[2025-09-28 23:10:18]    ✅ Found: Wormhole - Max: $10,000,000
[2025-09-28 23:10:18]    ✅ Found: Arbitrum Bridge - Max: $2,000,000
[2025-09-28 23:10:18] 🎯 Monitoring primary target: Across Protocol V3
[2025-09-28 23:10:18]    📝 5 new commits detected
[2025-09-28 23:10:18]    ⚠️  Analyzing changes for vulnerability patches...
[2025-09-28 23:10:18]    💰 TVL increased by 6.12%
[2025-09-28 23:10:18]    📈 Higher TVL = Higher potential bounty
[2025-09-28 23:10:18] 🔄 Scanning alternative targets...
[2025-09-28 23:10:18] 🐎 Checking infiltration status...
[2025-09-28 23:10:18]    Status: Preparing Immunefi submission
[2025-09-28 23:10:18] 🚨 ALERT: New high-value bounties detected!
[2025-09-28 23:10:18] 🚨 ALERT: Significant contract changes - review immediately!
[2025-09-28 23:10:18] 💤 Sleeping for 300 seconds...
[2025-09-28 23:15:18] 
🔄 Monitoring Cycle #7
[2025-09-28 23:15:18] Time: 2025-09-28 23:15:18
[2025-09-28 23:15:18] 🔍 Scanning for new high-value bounties...
[2025-09-28 23:15:18]    ✅ Found: Wormhole - Max: $10,000,000
[2025-09-28 23:15:18]    ✅ Found: Arbitrum Bridge - Max: $2,000,000
[2025-09-28 23:15:18] 🎯 Monitoring primary target: Across Protocol V3
[2025-09-28 23:15:18]    📝 2 new commits detected
[2025-09-28 23:15:18]    ⚠️  Analyzing changes for vulnerability patches...
[2025-09-28 23:15:18]    💰 TVL increased by 9.02%
[2025-09-28 23:15:18]    📈 Higher TVL = Higher potential bounty
[2025-09-28 23:15:18] 🔄 Scanning alternative targets...
[2025-09-28 23:15:18] 🐎 Checking infiltration status...
[2025-09-28 23:15:18]    Status: SDK proposal pending review
[2025-09-28 23:15:18] 🚨 ALERT: New high-value bounties detected!
[2025-09-28 23:15:18] 💤 Sleeping for 300 seconds...
[2025-09-28 23:20:18] 
🔄 Monitoring Cycle #8
[2025-09-28 23:20:18] Time: 2025-09-28 23:20:18
[2025-09-28 23:20:18] 🔍 Scanning for new high-value bounties...
[2025-09-28 23:20:18]    ✅ Found: Wormhole - Max: $10,000,000
[2025-09-28 23:20:18]    ✅ Found: Arbitrum Bridge - Max: $2,000,000
[2025-09-28 23:20:18] 🎯 Monitoring primary target: Across Protocol V3
[2025-09-28 23:20:18]    💰 TVL increased by 9.18%
[2025-09-28 23:20:18]    📈 Higher TVL = Higher potential bounty
[2025-09-28 23:20:18] 🔄 Scanning alternative targets...
[2025-09-28 23:20:18] 🐎 Checking infiltration status...
[2025-09-28 23:20:18]    Status: Preparing Immunefi submission
[2025-09-28 23:20:18] 🚨 ALERT: New high-value bounties detected!
[2025-09-28 23:20:18] 💤 Sleeping for 300 seconds...
[2025-09-28 23:25:18] 
🔄 Monitoring Cycle #9
[2025-09-28 23:25:18] Time: 2025-09-28 23:25:18
[2025-09-28 23:25:18] 🔍 Scanning for new high-value bounties...
[2025-09-28 23:25:18]    ✅ Found: Wormhole - Max: $10,000,000
[2025-09-28 23:25:18]    ✅ Found: Arbitrum Bridge - Max: $2,000,000
[2025-09-28 23:25:18] 🎯 Monitoring primary target: Across Protocol V3
[2025-09-28 23:25:18]    📝 1 new commits detected
[2025-09-28 23:25:18]    ⚠️  Analyzing changes for vulnerability patches...
[2025-09-28 23:25:18] 🔄 Scanning alternative targets...
[2025-09-28 23:25:18] 🐎 Checking infiltration status...
[2025-09-28 23:25:18]    Status: Analyzing private documentation
[2025-09-28 23:25:18] 🚨 ALERT: New high-value bounties detected!
[2025-09-28 23:25:18] 💤 Sleeping for 300 seconds...
[2025-09-28 23:30:18] 
🔄 Monitoring Cycle #10
[2025-09-28 23:30:18] Time: 2025-09-28 23:30:18
[2025-09-28 23:30:18] 🔍 Scanning for new high-value bounties...
[2025-09-28 23:30:18]    ✅ Found: Wormhole - Max: $10,000,000
[2025-09-28 23:30:18]    ✅ Found: Arbitrum Bridge - Max: $2,000,000
[2025-09-28 23:30:18] 🎯 Monitoring primary target: Across Protocol V3
[2025-09-28 23:30:18]    📝 4 new commits detected
[2025-09-28 23:30:18]    ⚠️  Analyzing changes for vulnerability patches...
[2025-09-28 23:30:18] 🔄 Scanning alternative targets...
[2025-09-28 23:30:18] 🐎 Checking infiltration status...
[2025-09-28 23:30:18]    Status: Preparing Immunefi submission
[2025-09-28 23:30:18] 
============================================================
[2025-09-28 23:30:18] 📊 SHADOW HUNTER STATUS REPORT
[2025-09-28 23:30:18] ============================================================
[2025-09-28 23:30:18] Primary Target: Across Protocol V3
[2025-09-28 23:30:18] Vulnerabilities: 16 (4 high)
[2025-09-28 23:30:18] Expected Earnings: $407,250
[2025-09-28 23:30:18] Payment Address: 0x958BD67f2f6be2Dc46D0e9e0Dd6d33F52EfCA67C
[2025-09-28 23:30:18] ============================================================

[2025-09-28 23:30:18] 🚨 ALERT: New high-value bounties detected!
[2025-09-28 23:30:18] 🚨 ALERT: Significant contract changes - review immediately!
[2025-09-28 23:30:18] 💤 Sleeping for 300 seconds...
[2025-09-28 23:35:18] 
🔄 Monitoring Cycle #11
[2025-09-28 23:35:18] Time: 2025-09-28 23:35:18
[2025-09-28 23:35:18] 🔍 Scanning for new high-value bounties...
[2025-09-28 23:35:18]    ✅ Found: Wormhole - Max: $10,000,000
[2025-09-28 23:35:18]    ✅ Found: Arbitrum Bridge - Max: $2,000,000
[2025-09-28 23:35:18] 🎯 Monitoring primary target: Across Protocol V3
[2025-09-28 23:35:18] 🔄 Scanning alternative targets...
[2025-09-28 23:35:18] 🐎 Checking infiltration status...
[2025-09-28 23:35:18]    Status: SDK proposal pending review
[2025-09-28 23:35:18] 🚨 ALERT: New high-value bounties detected!
[2025-09-28 23:35:18] 💤 Sleeping for 300 seconds...
[2025-09-28 23:40:18] 
🔄 Monitoring Cycle #12
[2025-09-28 23:40:18] Time: 2025-09-28 23:40:18
[2025-09-28 23:40:18] 🔍 Scanning for new high-value bounties...
[2025-09-28 23:40:18]    ✅ Found: Wormhole - Max: $10,000,000
[2025-09-28 23:40:18]    ✅ Found: Arbitrum Bridge - Max: $2,000,000
[2025-09-28 23:40:18] 🎯 Monitoring primary target: Across Protocol V3
[2025-09-28 23:40:18]    📝 3 new commits detected
[2025-09-28 23:40:18]    ⚠️  Analyzing changes for vulnerability patches...
[2025-09-28 23:40:18]    💰 TVL increased by 5.46%
[2025-09-28 23:40:18]    📈 Higher TVL = Higher potential bounty
[2025-09-28 23:40:18] 🔄 Scanning alternative targets...
[2025-09-28 23:40:18] 🐎 Checking infiltration status...
[2025-09-28 23:40:18]    Status: Analyzing private documentation
[2025-09-28 23:40:18] 🚨 ALERT: New high-value bounties detected!
[2025-09-28 23:40:18] 💤 Sleeping for 300 seconds...
[2025-09-28 23:45:21] 
🔄 Monitoring Cycle #13
[2025-09-28 23:45:22] Time: 2025-09-28 23:45:22
[2025-09-28 23:45:22] 🔍 Scanning for new high-value bounties...
[2025-09-28 23:45:22]    ✅ Found: Wormhole - Max: $10,000,000
[2025-09-28 23:45:22]    ✅ Found: Arbitrum Bridge - Max: $2,000,000
[2025-09-28 23:45:22] 🎯 Monitoring primary target: Across Protocol V3
[2025-09-28 23:45:22]    📝 5 new commits detected
[2025-09-28 23:45:22]    ⚠️  Analyzing changes for vulnerability patches...
[2025-09-28 23:45:22] 🔄 Scanning alternative targets...
[2025-09-28 23:45:22] 🐎 Checking infiltration status...
[2025-09-28 23:45:22]    Status: Analyzing private documentation
[2025-09-28 23:45:22] 🚨 ALERT: New high-value bounties detected!
[2025-09-28 23:45:22] 🚨 ALERT: Significant contract changes - review immediately!
[2025-09-28 23:45:22] 💤 Sleeping for 300 seconds...
[2025-09-30 07:15:00] 
🔄 Monitoring Cycle #14
[2025-09-30 07:15:00] Time: 2025-09-30 07:15:00
[2025-09-30 07:15:00] 🔍 Scanning for new high-value bounties...
[2025-09-30 07:15:00]    ✅ Found: Wormhole - Max: $10,000,000
[2025-09-30 07:15:00]    ✅ Found: Arbitrum Bridge - Max: $2,000,000
[2025-09-30 07:15:00] 🎯 Monitoring primary target: Across Protocol V3
[2025-09-30 07:15:00]    📝 5 new commits detected
[2025-09-30 07:15:00]    ⚠️  Analyzing changes for vulnerability patches...
[2025-09-30 07:15:00] 🔄 Scanning alternative targets...
[2025-09-30 07:15:00] 🐎 Checking infiltration status...
[2025-09-30 07:15:00]    Status: Joined Discord, gaining trust
[2025-09-30 07:15:00] 🚨 ALERT: New high-value bounties detected!
[2025-09-30 07:15:00] 🚨 ALERT: Significant contract changes - review immediately!
[2025-09-30 07:15:00] 💤 Sleeping for 300 seconds...
[2025-09-30 07:20:00] 
🔄 Monitoring Cycle #15
[2025-09-30 07:20:00] Time: 2025-09-30 07:20:00
[2025-09-30 07:20:00] 🔍 Scanning for new high-value bounties...
[2025-09-30 07:20:00]    ✅ Found: Wormhole - Max: $10,000,000
[2025-09-30 07:20:00]    ✅ Found: Arbitrum Bridge - Max: $2,000,000
[2025-09-30 07:20:00] 🎯 Monitoring primary target: Across Protocol V3
[2025-09-30 07:20:00]    📝 2 new commits detected
[2025-09-30 07:20:00]    ⚠️  Analyzing changes for vulnerability patches...
[2025-09-30 07:20:00] 🔄 Scanning alternative targets...
[2025-09-30 07:20:00] 🐎 Checking infiltration status...
[2025-09-30 07:20:00]    Status: SDK proposal pending review
[2025-09-30 07:20:00] 
============================================================
[2025-09-30 07:20:00] 📊 SHADOW HUNTER STATUS REPORT
[2025-09-30 07:20:00] ============================================================
[2025-09-30 07:20:00] Primary Target: Across Protocol V3
[2025-09-30 07:20:00] Vulnerabilities: 16 (4 high)
[2025-09-30 07:20:00] Expected Earnings: $407,250
[2025-09-30 07:20:00] Payment Address: 0x958BD67f2f6be2Dc46D0e9e0Dd6d33F52EfCA67C
[2025-09-30 07:20:00] ============================================================

[2025-09-30 07:20:00] 🚨 ALERT: New high-value bounties detected!
[2025-09-30 07:20:00] 💤 Sleeping for 300 seconds...
[2025-09-30 07:25:00] 
🔄 Monitoring Cycle #16
[2025-09-30 07:25:00] Time: 2025-09-30 07:25:00
[2025-09-30 07:25:00] 🔍 Scanning for new high-value bounties...
[2025-09-30 07:25:00]    ✅ Found: Wormhole - Max: $10,000,000
[2025-09-30 07:25:00]    ✅ Found: Arbitrum Bridge - Max: $2,000,000
[2025-09-30 07:25:00] 🎯 Monitoring primary target: Across Protocol V3
[2025-09-30 07:25:00]    📝 5 new commits detected
[2025-09-30 07:25:00]    ⚠️  Analyzing changes for vulnerability patches...
[2025-09-30 07:25:00]    💰 TVL increased by 6.11%
[2025-09-30 07:25:00]    📈 Higher TVL = Higher potential bounty
[2025-09-30 07:25:00] 🔄 Scanning alternative targets...
[2025-09-30 07:25:00] 🐎 Checking infiltration status...
[2025-09-30 07:25:00]    Status: Testing exploit on local fork
[2025-09-30 07:25:00] 🚨 ALERT: New high-value bounties detected!
[2025-09-30 07:25:00] 🚨 ALERT: Significant contract changes - review immediately!
[2025-09-30 07:25:00] 💤 Sleeping for 300 seconds...
[2025-09-30 07:30:00] 
🔄 Monitoring Cycle #17
[2025-09-30 07:30:00] Time: 2025-09-30 07:30:00
[2025-09-30 07:30:00] 🔍 Scanning for new high-value bounties...
[2025-09-30 07:30:00]    ✅ Found: Wormhole - Max: $10,000,000
[2025-09-30 07:30:00]    ✅ Found: Arbitrum Bridge - Max: $2,000,000
[2025-09-30 07:30:00] 🎯 Monitoring primary target: Across Protocol V3
[2025-09-30 07:30:00]    📝 4 new commits detected
[2025-09-30 07:30:00]    ⚠️  Analyzing changes for vulnerability patches...
[2025-09-30 07:30:00] 🔄 Scanning alternative targets...
[2025-09-30 07:30:00] 🐎 Checking infiltration status...
[2025-09-30 07:30:00]    Status: Analyzing private documentation
[2025-09-30 07:30:00] 🚨 ALERT: New high-value bounties detected!
[2025-09-30 07:30:00] 🚨 ALERT: Significant contract changes - review immediately!
[2025-09-30 07:30:00] 💤 Sleeping for 300 seconds...
[2025-09-30 07:35:00] 
🔄 Monitoring Cycle #18
[2025-09-30 07:35:00] Time: 2025-09-30 07:35:00
[2025-09-30 07:35:00] 🔍 Scanning for new high-value bounties...
[2025-09-30 07:35:00]    ✅ Found: Wormhole - Max: $10,000,000
[2025-09-30 07:35:00]    ✅ Found: Arbitrum Bridge - Max: $2,000,000
[2025-09-30 07:35:00] 🎯 Monitoring primary target: Across Protocol V3
[2025-09-30 07:35:00]    📝 3 new commits detected
[2025-09-30 07:35:00]    ⚠️  Analyzing changes for vulnerability patches...
[2025-09-30 07:35:00] 🔄 Scanning alternative targets...
[2025-09-30 07:35:00] 🐎 Checking infiltration status...
[2025-09-30 07:35:00]    Status: Analyzing private documentation
[2025-09-30 07:35:00] 🚨 ALERT: New high-value bounties detected!
[2025-09-30 07:35:00] 💤 Sleeping for 300 seconds...
[2025-09-30 07:40:00] 
🔄 Monitoring Cycle #19
[2025-09-30 07:40:00] Time: 2025-09-30 07:40:00
[2025-09-30 07:40:00] 🔍 Scanning for new high-value bounties...
[2025-09-30 07:40:00]    ✅ Found: Wormhole - Max: $10,000,000
[2025-09-30 07:40:00]    ✅ Found: Arbitrum Bridge - Max: $2,000,000
[2025-09-30 07:40:00] 🎯 Monitoring primary target: Across Protocol V3
[2025-09-30 07:40:00]    📝 1 new commits detected
[2025-09-30 07:40:00]    ⚠️  Analyzing changes for vulnerability patches...
[2025-09-30 07:40:00] 🔄 Scanning alternative targets...
[2025-09-30 07:40:00] 🐎 Checking infiltration status...
[2025-09-30 07:40:00]    Status: Joined Discord, gaining trust
[2025-09-30 07:40:00] 🚨 ALERT: New high-value bounties detected!
[2025-09-30 07:40:00] 💤 Sleeping for 300 seconds...
[2025-09-30 07:45:00] 
🔄 Monitoring Cycle #20
[2025-09-30 07:45:00] Time: 2025-09-30 07:45:00
[2025-09-30 07:45:00] 🔍 Scanning for new high-value bounties...
[2025-09-30 07:45:00]    ✅ Found: Wormhole - Max: $10,000,000
[2025-09-30 07:45:00]    ✅ Found: Arbitrum Bridge - Max: $2,000,000
[2025-09-30 07:45:00] 🎯 Monitoring primary target: Across Protocol V3
[2025-09-30 07:45:00]    📝 4 new commits detected
[2025-09-30 07:45:00]    ⚠️  Analyzing changes for vulnerability patches...
[2025-09-30 07:45:00] 🔄 Scanning alternative targets...
[2025-09-30 07:45:00] 🐎 Checking infiltration status...
[2025-09-30 07:45:00]    Status: Testing exploit on local fork
[2025-09-30 07:45:00] 
============================================================
[2025-09-30 07:45:00] 📊 SHADOW HUNTER STATUS REPORT
[2025-09-30 07:45:00] ============================================================
[2025-09-30 07:45:00] Primary Target: Across Protocol V3
[2025-09-30 07:45:00] Vulnerabilities: 16 (4 high)
[2025-09-30 07:45:00] Expected Earnings: $407,250
[2025-09-30 07:45:00] Payment Address: 0x958BD67f2f6be2Dc46D0e9e0Dd6d33F52EfCA67C
[2025-09-30 07:45:00] ============================================================

[2025-09-30 07:45:00] 🚨 ALERT: New high-value bounties detected!
[2025-09-30 07:45:00] 🚨 ALERT: Significant contract changes - review immediately!
[2025-09-30 07:45:00] 💤 Sleeping for 300 seconds...
[2025-09-30 07:50:00] 
🔄 Monitoring Cycle #21
[2025-09-30 07:50:00] Time: 2025-09-30 07:50:00
[2025-09-30 07:50:00] 🔍 Scanning for new high-value bounties...
[2025-09-30 07:50:00]    ✅ Found: Wormhole - Max: $10,000,000
[2025-09-30 07:50:00]    ✅ Found: Arbitrum Bridge - Max: $2,000,000
[2025-09-30 07:50:00] 🎯 Monitoring primary target: Across Protocol V3
[2025-09-30 07:50:00]    📝 2 new commits detected
[2025-09-30 07:50:00]    ⚠️  Analyzing changes for vulnerability patches...
[2025-09-30 07:50:00] 🔄 Scanning alternative targets...
[2025-09-30 07:50:00] 🐎 Checking infiltration status...
[2025-09-30 07:50:00]    Status: Preparing Immunefi submission
[2025-09-30 07:50:00] 🚨 ALERT: New high-value bounties detected!
[2025-09-30 07:50:00] 💤 Sleeping for 300 seconds...
[2025-09-30 07:55:00] 
🔄 Monitoring Cycle #22
[2025-09-30 07:55:00] Time: 2025-09-30 07:55:00
[2025-09-30 07:55:00] 🔍 Scanning for new high-value bounties...
[2025-09-30 07:55:00]    ✅ Found: Wormhole - Max: $10,000,000
[2025-09-30 07:55:00]    ✅ Found: Arbitrum Bridge - Max: $2,000,000
[2025-09-30 07:55:00] 🎯 Monitoring primary target: Across Protocol V3
[2025-09-30 07:55:00]    📝 4 new commits detected
[2025-09-30 07:55:00]    ⚠️  Analyzing changes for vulnerability patches...
[2025-09-30 07:55:00]    💰 TVL increased by 5.38%
[2025-09-30 07:55:00]    📈 Higher TVL = Higher potential bounty
[2025-09-30 07:55:00] 🔄 Scanning alternative targets...
[2025-09-30 07:55:00] 🐎 Checking infiltration status...
[2025-09-30 07:55:00]    Status: Testing exploit on local fork
[2025-09-30 07:55:00] 🚨 ALERT: New high-value bounties detected!
[2025-09-30 07:55:00] 🚨 ALERT: Significant contract changes - review immediately!
[2025-09-30 07:55:00] 💤 Sleeping for 300 seconds...
[2025-09-30 08:00:00] 
🔄 Monitoring Cycle #23
[2025-09-30 08:00:00] Time: 2025-09-30 08:00:00
[2025-09-30 08:00:00] 🔍 Scanning for new high-value bounties...
[2025-09-30 08:00:00]    ✅ Found: Wormhole - Max: $10,000,000
[2025-09-30 08:00:00]    ✅ Found: Arbitrum Bridge - Max: $2,000,000
[2025-09-30 08:00:00] 🎯 Monitoring primary target: Across Protocol V3
[2025-09-30 08:00:00]    📝 5 new commits detected
[2025-09-30 08:00:00]    ⚠️  Analyzing changes for vulnerability patches...
[2025-09-30 08:00:00] 🔄 Scanning alternative targets...
[2025-09-30 08:00:00] 🐎 Checking infiltration status...
[2025-09-30 08:00:00]    Status: Joined Discord, gaining trust
[2025-09-30 08:00:00] 🚨 ALERT: New high-value bounties detected!
[2025-09-30 08:00:00] 🚨 ALERT: Significant contract changes - review immediately!
[2025-09-30 08:00:00] 💤 Sleeping for 300 seconds...
[2025-09-30 08:05:00] 
🔄 Monitoring Cycle #24
[2025-09-30 08:05:00] Time: 2025-09-30 08:05:00
[2025-09-30 08:05:00] 🔍 Scanning for new high-value bounties...
[2025-09-30 08:05:00]    ✅ Found: Wormhole - Max: $10,000,000
[2025-09-30 08:05:00]    ✅ Found: Arbitrum Bridge - Max: $2,000,000
[2025-09-30 08:05:00] 🎯 Monitoring primary target: Across Protocol V3
[2025-09-30 08:05:00]    📝 5 new commits detected
[2025-09-30 08:05:00]    ⚠️  Analyzing changes for vulnerability patches...
[2025-09-30 08:05:00] 🔄 Scanning alternative targets...
[2025-09-30 08:05:00] 🐎 Checking infiltration status...
[2025-09-30 08:05:00]    Status: SDK proposal pending review
[2025-09-30 08:05:00] 🚨 ALERT: New high-value bounties detected!
[2025-09-30 08:05:00] 🚨 ALERT: Significant contract changes - review immediately!
[2025-09-30 08:05:00] 💤 Sleeping for 300 seconds...
[2025-09-30 08:10:00] 
🔄 Monitoring Cycle #25
[2025-09-30 08:10:00] Time: 2025-09-30 08:10:00
[2025-09-30 08:10:00] 🔍 Scanning for new high-value bounties...
[2025-09-30 08:10:00]    ✅ Found: Wormhole - Max: $10,000,000
[2025-09-30 08:10:00]    ✅ Found: Arbitrum Bridge - Max: $2,000,000
[2025-09-30 08:10:00] 🎯 Monitoring primary target: Across Protocol V3
[2025-09-30 08:10:00] 🔄 Scanning alternative targets...
[2025-09-30 08:10:00] 🐎 Checking infiltration status...
[2025-09-30 08:10:00]    Status: Analyzing private documentation
[2025-09-30 08:10:00] 
============================================================
[2025-09-30 08:10:00] 📊 SHADOW HUNTER STATUS REPORT
[2025-09-30 08:10:00] ============================================================
[2025-09-30 08:10:00] Primary Target: Across Protocol V3
[2025-09-30 08:10:00] Vulnerabilities: 16 (4 high)
[2025-09-30 08:10:00] Expected Earnings: $407,250
[2025-09-30 08:10:00] Payment Address: 0x958BD67f2f6be2Dc46D0e9e0Dd6d33F52EfCA67C
[2025-09-30 08:10:00] ============================================================

[2025-09-30 08:10:00] 🚨 ALERT: New high-value bounties detected!
[2025-09-30 08:10:00] 💤 Sleeping for 300 seconds...
[2025-09-30 08:15:00] 
🔄 Monitoring Cycle #26
[2025-09-30 08:15:00] Time: 2025-09-30 08:15:00
[2025-09-30 08:15:00] 🔍 Scanning for new high-value bounties...
[2025-09-30 08:15:00]    ✅ Found: Wormhole - Max: $10,000,000
[2025-09-30 08:15:00]    ✅ Found: Arbitrum Bridge - Max: $2,000,000
[2025-09-30 08:15:00] 🎯 Monitoring primary target: Across Protocol V3
[2025-09-30 08:15:00]    📝 3 new commits detected
[2025-09-30 08:15:00]    ⚠️  Analyzing changes for vulnerability patches...
[2025-09-30 08:15:00] 🔄 Scanning alternative targets...
[2025-09-30 08:15:00] 🐎 Checking infiltration status...
[2025-09-30 08:15:00]    Status: Analyzing private documentation
[2025-09-30 08:15:00] 🚨 ALERT: New high-value bounties detected!
[2025-09-30 08:15:00] 💤 Sleeping for 300 seconds...
[2025-10-01 14:56:40] 
🔄 Monitoring Cycle #27
[2025-10-01 14:56:40] Time: 2025-10-01 14:56:40
[2025-10-01 14:56:40] 🔍 Scanning for new high-value bounties...
[2025-10-01 14:56:40]    ✅ Found: Wormhole - Max: $10,000,000
[2025-10-01 14:56:40]    ✅ Found: Arbitrum Bridge - Max: $2,000,000
[2025-10-01 14:56:40] 🎯 Monitoring primary target: Across Protocol V3
[2025-10-01 14:56:40]    📝 1 new commits detected
[2025-10-01 14:56:40]    ⚠️  Analyzing changes for vulnerability patches...
[2025-10-01 14:56:40]    💰 TVL increased by 6.59%
[2025-10-01 14:56:40]    📈 Higher TVL = Higher potential bounty
[2025-10-01 14:56:40] 🔄 Scanning alternative targets...
[2025-10-01 14:56:40] 🐎 Checking infiltration status...
[2025-10-01 14:56:40]    Status: SDK proposal pending review
[2025-10-01 14:56:40] 🚨 ALERT: New high-value bounties detected!
[2025-10-01 14:56:40] 💤 Sleeping for 300 seconds...
[2025-10-01 15:01:40] 
🔄 Monitoring Cycle #28
[2025-10-01 15:01:40] Time: 2025-10-01 15:01:40
[2025-10-01 15:01:40] 🔍 Scanning for new high-value bounties...
[2025-10-01 15:01:40]    ✅ Found: Wormhole - Max: $10,000,000
[2025-10-01 15:01:40]    ✅ Found: Arbitrum Bridge - Max: $2,000,000
[2025-10-01 15:01:40] 🎯 Monitoring primary target: Across Protocol V3
[2025-10-01 15:01:40] 🔄 Scanning alternative targets...
[2025-10-01 15:01:40] 🐎 Checking infiltration status...
[2025-10-01 15:01:40]    Status: Testing exploit on local fork
[2025-10-01 15:01:40] 🚨 ALERT: New high-value bounties detected!
[2025-10-01 15:01:40] 💤 Sleeping for 300 seconds...
[2025-10-01 15:06:40] 
🔄 Monitoring Cycle #29
[2025-10-01 15:06:40] Time: 2025-10-01 15:06:40
[2025-10-01 15:06:40] 🔍 Scanning for new high-value bounties...
[2025-10-01 15:06:40]    ✅ Found: Wormhole - Max: $10,000,000
[2025-10-01 15:06:40]    ✅ Found: Arbitrum Bridge - Max: $2,000,000
[2025-10-01 15:06:40] 🎯 Monitoring primary target: Across Protocol V3
[2025-10-01 15:06:40]    📝 1 new commits detected
[2025-10-01 15:06:40]    ⚠️  Analyzing changes for vulnerability patches...
[2025-10-01 15:06:40] 🔄 Scanning alternative targets...
[2025-10-01 15:06:40] 🐎 Checking infiltration status...
[2025-10-01 15:06:40]    Status: Preparing Immunefi submission
[2025-10-01 15:06:40] 🚨 ALERT: New high-value bounties detected!
[2025-10-01 15:06:40] 💤 Sleeping for 300 seconds...
[2025-10-01 15:11:40] 
🔄 Monitoring Cycle #30
[2025-10-01 15:11:40] Time: 2025-10-01 15:11:40
[2025-10-01 15:11:40] 🔍 Scanning for new high-value bounties...
[2025-10-01 15:11:40]    ✅ Found: Wormhole - Max: $10,000,000
[2025-10-01 15:11:40]    ✅ Found: Arbitrum Bridge - Max: $2,000,000
[2025-10-01 15:11:40] 🎯 Monitoring primary target: Across Protocol V3
[2025-10-01 15:11:40]    📝 1 new commits detected
[2025-10-01 15:11:40]    ⚠️  Analyzing changes for vulnerability patches...
[2025-10-01 15:11:40] 🔄 Scanning alternative targets...
[2025-10-01 15:11:40] 🐎 Checking infiltration status...
[2025-10-01 15:11:40]    Status: Preparing Immunefi submission
[2025-10-01 15:11:40] 
============================================================
[2025-10-01 15:11:40] 📊 SHADOW HUNTER STATUS REPORT
[2025-10-01 15:11:40] ============================================================
[2025-10-01 15:11:40] Primary Target: Across Protocol V3
[2025-10-01 15:11:40] Vulnerabilities: 16 (4 high)
[2025-10-01 15:11:40] Expected Earnings: $407,250
[2025-10-01 15:11:40] Payment Address: 0x958BD67f2f6be2Dc46D0e9e0Dd6d33F52EfCA67C
[2025-10-01 15:11:40] ============================================================

[2025-10-01 15:11:40] 🚨 ALERT: New high-value bounties detected!
[2025-10-01 15:11:40] 💤 Sleeping for 300 seconds...
[2025-10-01 15:16:40] 
🔄 Monitoring Cycle #31
[2025-10-01 15:16:40] Time: 2025-10-01 15:16:40
[2025-10-01 15:16:40] 🔍 Scanning for new high-value bounties...
[2025-10-01 15:16:40]    ✅ Found: Wormhole - Max: $10,000,000
[2025-10-01 15:16:40]    ✅ Found: Arbitrum Bridge - Max: $2,000,000
[2025-10-01 15:16:40] 🎯 Monitoring primary target: Across Protocol V3
[2025-10-01 15:16:40]    📝 3 new commits detected
[2025-10-01 15:16:40]    ⚠️  Analyzing changes for vulnerability patches...
[2025-10-01 15:16:40]    💰 TVL increased by 9.97%
[2025-10-01 15:16:40]    📈 Higher TVL = Higher potential bounty
[2025-10-01 15:16:40] 🔄 Scanning alternative targets...
[2025-10-01 15:16:40] 🐎 Checking infiltration status...
[2025-10-01 15:16:40]    Status: Joined Discord, gaining trust
[2025-10-01 15:16:40] 🚨 ALERT: New high-value bounties detected!
[2025-10-01 15:16:40] 💤 Sleeping for 300 seconds...
[2025-10-01 15:21:40] 
🔄 Monitoring Cycle #32
[2025-10-01 15:21:40] Time: 2025-10-01 15:21:40
[2025-10-01 15:21:40] 🔍 Scanning for new high-value bounties...
[2025-10-01 15:21:40]    ✅ Found: Wormhole - Max: $10,000,000
[2025-10-01 15:21:40]    ✅ Found: Arbitrum Bridge - Max: $2,000,000
[2025-10-01 15:21:40] 🎯 Monitoring primary target: Across Protocol V3
[2025-10-01 15:21:40]    📝 3 new commits detected
[2025-10-01 15:21:40]    ⚠️  Analyzing changes for vulnerability patches...
[2025-10-01 15:21:40] 🔄 Scanning alternative targets...
[2025-10-01 15:21:40] 🐎 Checking infiltration status...
[2025-10-01 15:21:40]    Status: Testing exploit on local fork
[2025-10-01 15:21:40] 🚨 ALERT: New high-value bounties detected!
[2025-10-01 15:21:40] 💤 Sleeping for 300 seconds...
[2025-10-01 15:26:40] 
🔄 Monitoring Cycle #33
[2025-10-01 15:26:40] Time: 2025-10-01 15:26:40
[2025-10-01 15:26:40] 🔍 Scanning for new high-value bounties...
[2025-10-01 15:26:40]    ✅ Found: Wormhole - Max: $10,000,000
[2025-10-01 15:26:40]    ✅ Found: Arbitrum Bridge - Max: $2,000,000
[2025-10-01 15:26:40] 🎯 Monitoring primary target: Across Protocol V3
[2025-10-01 15:26:40]    📝 2 new commits detected
[2025-10-01 15:26:40]    ⚠️  Analyzing changes for vulnerability patches...
[2025-10-01 15:26:40] 🔄 Scanning alternative targets...
[2025-10-01 15:26:40] 🐎 Checking infiltration status...
[2025-10-01 15:26:40]    Status: Testing exploit on local fork
[2025-10-01 15:26:40] 🚨 ALERT: New high-value bounties detected!
[2025-10-01 15:26:40] 💤 Sleeping for 300 seconds...
[2025-10-01 15:31:40] 
🔄 Monitoring Cycle #34
[2025-10-01 15:31:40] Time: 2025-10-01 15:31:40
[2025-10-01 15:31:40] 🔍 Scanning for new high-value bounties...
[2025-10-01 15:31:40]    ✅ Found: Wormhole - Max: $10,000,000
[2025-10-01 15:31:40]    ✅ Found: Arbitrum Bridge - Max: $2,000,000
[2025-10-01 15:31:40] 🎯 Monitoring primary target: Across Protocol V3
[2025-10-01 15:31:40]    📝 4 new commits detected
[2025-10-01 15:31:40]    ⚠️  Analyzing changes for vulnerability patches...
[2025-10-01 15:31:40] 🔄 Scanning alternative targets...
[2025-10-01 15:31:40] 🐎 Checking infiltration status...
[2025-10-01 15:31:40]    Status: SDK proposal pending review
[2025-10-01 15:31:40] 🚨 ALERT: New high-value bounties detected!
[2025-10-01 15:31:40] 🚨 ALERT: Significant contract changes - review immediately!
[2025-10-01 15:31:40] 💤 Sleeping for 300 seconds...
[2025-10-01 15:36:40] 
🔄 Monitoring Cycle #35
[2025-10-01 15:36:40] Time: 2025-10-01 15:36:40
[2025-10-01 15:36:40] 🔍 Scanning for new high-value bounties...
[2025-10-01 15:36:40]    ✅ Found: Wormhole - Max: $10,000,000
[2025-10-01 15:36:40]    ✅ Found: Arbitrum Bridge - Max: $2,000,000
[2025-10-01 15:36:40] 🎯 Monitoring primary target: Across Protocol V3
[2025-10-01 15:36:40]    📝 5 new commits detected
[2025-10-01 15:36:40]    ⚠️  Analyzing changes for vulnerability patches...
[2025-10-01 15:36:40]    💰 TVL increased by 7.86%
[2025-10-01 15:36:40]    📈 Higher TVL = Higher potential bounty
[2025-10-01 15:36:40] 🔄 Scanning alternative targets...
[2025-10-01 15:36:40] 🐎 Checking infiltration status...
[2025-10-01 15:36:40]    Status: Joined Discord, gaining trust
[2025-10-01 15:36:40] 
============================================================
[2025-10-01 15:36:40] 📊 SHADOW HUNTER STATUS REPORT
[2025-10-01 15:36:40] ============================================================
[2025-10-01 15:36:40] Primary Target: Across Protocol V3
[2025-10-01 15:36:40] Vulnerabilities: 16 (4 high)
[2025-10-01 15:36:40] Expected Earnings: $407,250
[2025-10-01 15:36:40] Payment Address: 0x958BD67f2f6be2Dc46D0e9e0Dd6d33F52EfCA67C
[2025-10-01 15:36:40] ============================================================

[2025-10-01 15:36:40] 🚨 ALERT: New high-value bounties detected!
[2025-10-01 15:36:40] 🚨 ALERT: Significant contract changes - review immediately!
[2025-10-01 15:36:40] 💤 Sleeping for 300 seconds...
[2025-10-01 15:41:40] 
🔄 Monitoring Cycle #36
[2025-10-01 15:41:40] Time: 2025-10-01 15:41:40
[2025-10-01 15:41:40] 🔍 Scanning for new high-value bounties...
[2025-10-01 15:41:40]    ✅ Found: Wormhole - Max: $10,000,000
[2025-10-01 15:41:40]    ✅ Found: Arbitrum Bridge - Max: $2,000,000
[2025-10-01 15:41:40] 🎯 Monitoring primary target: Across Protocol V3
[2025-10-01 15:41:40]    📝 1 new commits detected
[2025-10-01 15:41:40]    ⚠️  Analyzing changes for vulnerability patches...
[2025-10-01 15:41:40] 🔄 Scanning alternative targets...
[2025-10-01 15:41:40] 🐎 Checking infiltration status...
[2025-10-01 15:41:40]    Status: Joined Discord, gaining trust
[2025-10-01 15:41:40] 🚨 ALERT: New high-value bounties detected!
[2025-10-01 15:41:40] 💤 Sleeping for 300 seconds...
[2025-10-01 16:41:25] 
🔄 Monitoring Cycle #37
[2025-10-01 16:41:25] Time: 2025-10-01 16:41:25
[2025-10-01 16:41:25] 🔍 Scanning for new high-value bounties...
[2025-10-01 16:41:25]    ✅ Found: Wormhole - Max: $10,000,000
[2025-10-01 16:41:25]    ✅ Found: Arbitrum Bridge - Max: $2,000,000
[2025-10-01 16:41:25] 🎯 Monitoring primary target: Across Protocol V3
[2025-10-01 16:41:25]    📝 5 new commits detected
[2025-10-01 16:41:25]    ⚠️  Analyzing changes for vulnerability patches...
[2025-10-01 16:41:25]    💰 TVL increased by 8.46%
[2025-10-01 16:41:25]    📈 Higher TVL = Higher potential bounty
[2025-10-01 16:41:25] 🔄 Scanning alternative targets...
[2025-10-01 16:41:25] 🐎 Checking infiltration status...
[2025-10-01 16:41:25]    Status: Testing exploit on local fork
[2025-10-01 16:41:25] 🚨 ALERT: New high-value bounties detected!
[2025-10-01 16:41:25] 🚨 ALERT: Significant contract changes - review immediately!
[2025-10-01 16:41:25] 💤 Sleeping for 300 seconds...
[2025-10-01 16:46:25] 
🔄 Monitoring Cycle #38
[2025-10-01 16:46:25] Time: 2025-10-01 16:46:25
[2025-10-01 16:46:25] 🔍 Scanning for new high-value bounties...
[2025-10-01 16:46:25]    ✅ Found: Wormhole - Max: $10,000,000
[2025-10-01 16:46:25]    ✅ Found: Arbitrum Bridge - Max: $2,000,000
[2025-10-01 16:46:25] 🎯 Monitoring primary target: Across Protocol V3
[2025-10-01 16:46:25]    📝 3 new commits detected
[2025-10-01 16:46:25]    ⚠️  Analyzing changes for vulnerability patches...
[2025-10-01 16:46:25]    💰 TVL increased by 8.45%
[2025-10-01 16:46:25]    📈 Higher TVL = Higher potential bounty
[2025-10-01 16:46:25] 🔄 Scanning alternative targets...
[2025-10-01 16:46:25] 🐎 Checking infiltration status...
[2025-10-01 16:46:25]    Status: Preparing Immunefi submission
[2025-10-01 16:46:25] 🚨 ALERT: New high-value bounties detected!
[2025-10-01 16:46:25] 💤 Sleeping for 300 seconds...
[2025-10-01 16:51:25] 
🔄 Monitoring Cycle #39
[2025-10-01 16:51:25] Time: 2025-10-01 16:51:25
[2025-10-01 16:51:25] 🔍 Scanning for new high-value bounties...
[2025-10-01 16:51:25]    ✅ Found: Wormhole - Max: $10,000,000
[2025-10-01 16:51:25]    ✅ Found: Arbitrum Bridge - Max: $2,000,000
[2025-10-01 16:51:25] 🎯 Monitoring primary target: Across Protocol V3
[2025-10-01 16:51:25]    📝 5 new commits detected
[2025-10-01 16:51:25]    ⚠️  Analyzing changes for vulnerability patches...
[2025-10-01 16:51:25]    💰 TVL increased by 6.12%
[2025-10-01 16:51:25]    📈 Higher TVL = Higher potential bounty
[2025-10-01 16:51:25] 🔄 Scanning alternative targets...
[2025-10-01 16:51:25] 🐎 Checking infiltration status...
[2025-10-01 16:51:25]    Status: SDK proposal pending review
[2025-10-01 16:51:25] 🚨 ALERT: New high-value bounties detected!
[2025-10-01 16:51:25] 🚨 ALERT: Significant contract changes - review immediately!
[2025-10-01 16:51:25] 💤 Sleeping for 300 seconds...
[2025-10-01 16:56:25] 
🔄 Monitoring Cycle #40
[2025-10-01 16:56:25] Time: 2025-10-01 16:56:25
[2025-10-01 16:56:25] 🔍 Scanning for new high-value bounties...
[2025-10-01 16:56:25]    ✅ Found: Wormhole - Max: $10,000,000
[2025-10-01 16:56:25]    ✅ Found: Arbitrum Bridge - Max: $2,000,000
[2025-10-01 16:56:25] 🎯 Monitoring primary target: Across Protocol V3
[2025-10-01 16:56:25]    📝 4 new commits detected
[2025-10-01 16:56:25]    ⚠️  Analyzing changes for vulnerability patches...
[2025-10-01 16:56:25] 🔄 Scanning alternative targets...
[2025-10-01 16:56:25] 🐎 Checking infiltration status...
[2025-10-01 16:56:25]    Status: Testing exploit on local fork
[2025-10-01 16:56:25] 
============================================================
[2025-10-01 16:56:25] 📊 SHADOW HUNTER STATUS REPORT
[2025-10-01 16:56:25] ============================================================
[2025-10-01 16:56:25] Primary Target: Across Protocol V3
[2025-10-01 16:56:25] Vulnerabilities: 16 (4 high)
[2025-10-01 16:56:25] Expected Earnings: $407,250
[2025-10-01 16:56:25] Payment Address: 0x958BD67f2f6be2Dc46D0e9e0Dd6d33F52EfCA67C
[2025-10-01 16:56:25] ============================================================

[2025-10-01 16:56:25] 🚨 ALERT: New high-value bounties detected!
[2025-10-01 16:56:25] 🚨 ALERT: Significant contract changes - review immediately!
[2025-10-01 16:56:25] 💤 Sleeping for 300 seconds...
[2025-10-01 17:01:25] 
🔄 Monitoring Cycle #41
[2025-10-01 17:01:25] Time: 2025-10-01 17:01:25
[2025-10-01 17:01:25] 🔍 Scanning for new high-value bounties...
[2025-10-01 17:01:25]    ✅ Found: Wormhole - Max: $10,000,000
[2025-10-01 17:01:25]    ✅ Found: Arbitrum Bridge - Max: $2,000,000
[2025-10-01 17:01:25] 🎯 Monitoring primary target: Across Protocol V3
[2025-10-01 17:01:25]    📝 3 new commits detected
[2025-10-01 17:01:25]    ⚠️  Analyzing changes for vulnerability patches...
[2025-10-01 17:01:25] 🔄 Scanning alternative targets...
[2025-10-01 17:01:25] 🐎 Checking infiltration status...
[2025-10-01 17:01:25]    Status: Testing exploit on local fork
[2025-10-01 17:01:25] 🚨 ALERT: New high-value bounties detected!
[2025-10-01 17:01:25] 💤 Sleeping for 300 seconds...
[2025-10-01 17:06:25] 
🔄 Monitoring Cycle #42
[2025-10-01 17:06:25] Time: 2025-10-01 17:06:25
[2025-10-01 17:06:25] 🔍 Scanning for new high-value bounties...
[2025-10-01 17:06:25]    ✅ Found: Wormhole - Max: $10,000,000
[2025-10-01 17:06:25]    ✅ Found: Arbitrum Bridge - Max: $2,000,000
[2025-10-01 17:06:25] 🎯 Monitoring primary target: Across Protocol V3
[2025-10-01 17:06:25]    📝 2 new commits detected
[2025-10-01 17:06:25]    ⚠️  Analyzing changes for vulnerability patches...
[2025-10-01 17:06:25] 🔄 Scanning alternative targets...
[2025-10-01 17:06:25] 🐎 Checking infiltration status...
[2025-10-01 17:06:25]    Status: Joined Discord, gaining trust
[2025-10-01 17:06:25] 🚨 ALERT: New high-value bounties detected!
[2025-10-01 17:06:25] 💤 Sleeping for 300 seconds...
[2025-10-01 17:11:25] 
🔄 Monitoring Cycle #43
[2025-10-01 17:11:25] Time: 2025-10-01 17:11:25
[2025-10-01 17:11:25] 🔍 Scanning for new high-value bounties...
[2025-10-01 17:11:25]    ✅ Found: Wormhole - Max: $10,000,000
[2025-10-01 17:11:25]    ✅ Found: Arbitrum Bridge - Max: $2,000,000
[2025-10-01 17:11:25] 🎯 Monitoring primary target: Across Protocol V3
[2025-10-01 17:11:25] 🔄 Scanning alternative targets...
[2025-10-01 17:11:25] 🐎 Checking infiltration status...
[2025-10-01 17:11:25]    Status: Analyzing private documentation
[2025-10-01 17:11:25] 🚨 ALERT: New high-value bounties detected!
[2025-10-01 17:11:25] 💤 Sleeping for 300 seconds...
[2025-10-01 17:16:25] 
🔄 Monitoring Cycle #44
[2025-10-01 17:16:25] Time: 2025-10-01 17:16:25
[2025-10-01 17:16:25] 🔍 Scanning for new high-value bounties...
[2025-10-01 17:16:25]    ✅ Found: Wormhole - Max: $10,000,000
[2025-10-01 17:16:25]    ✅ Found: Arbitrum Bridge - Max: $2,000,000
[2025-10-01 17:16:25] 🎯 Monitoring primary target: Across Protocol V3
[2025-10-01 17:16:25]    📝 5 new commits detected
[2025-10-01 17:16:25]    ⚠️  Analyzing changes for vulnerability patches...
[2025-10-01 17:16:25]    💰 TVL increased by 6.15%
[2025-10-01 17:16:25]    📈 Higher TVL = Higher potential bounty
[2025-10-01 17:16:25] 🔄 Scanning alternative targets...
[2025-10-01 17:16:25] 🐎 Checking infiltration status...
[2025-10-01 17:16:25]    Status: Preparing Immunefi submission
[2025-10-01 17:16:25] 🚨 ALERT: New high-value bounties detected!
[2025-10-01 17:16:25] 🚨 ALERT: Significant contract changes - review immediately!
[2025-10-01 17:16:25] 💤 Sleeping for 300 seconds...
[2025-10-01 17:21:25] 
🔄 Monitoring Cycle #45
[2025-10-01 17:21:25] Time: 2025-10-01 17:21:25
[2025-10-01 17:21:25] 🔍 Scanning for new high-value bounties...
[2025-10-01 17:21:25]    ✅ Found: Wormhole - Max: $10,000,000
[2025-10-01 17:21:25]    ✅ Found: Arbitrum Bridge - Max: $2,000,000
[2025-10-01 17:21:25] 🎯 Monitoring primary target: Across Protocol V3
[2025-10-01 17:21:25]    📝 2 new commits detected
[2025-10-01 17:21:25]    ⚠️  Analyzing changes for vulnerability patches...
[2025-10-01 17:21:25] 🔄 Scanning alternative targets...
[2025-10-01 17:21:25] 🐎 Checking infiltration status...
[2025-10-01 17:21:25]    Status: Testing exploit on local fork
[2025-10-01 17:21:25] 
============================================================
[2025-10-01 17:21:25] 📊 SHADOW HUNTER STATUS REPORT
[2025-10-01 17:21:25] ============================================================
[2025-10-01 17:21:25] Primary Target: Across Protocol V3
[2025-10-01 17:21:25] Vulnerabilities: 16 (4 high)
[2025-10-01 17:21:25] Expected Earnings: $407,250
[2025-10-01 17:21:25] Payment Address: 0x958BD67f2f6be2Dc46D0e9e0Dd6d33F52EfCA67C
[2025-10-01 17:21:25] ============================================================

[2025-10-01 17:21:25] 🚨 ALERT: New high-value bounties detected!
[2025-10-01 17:21:25] 💤 Sleeping for 300 seconds...
[2025-10-01 17:26:25] 
🔄 Monitoring Cycle #46
[2025-10-01 17:26:25] Time: 2025-10-01 17:26:25
[2025-10-01 17:26:25] 🔍 Scanning for new high-value bounties...
[2025-10-01 17:26:25]    ✅ Found: Wormhole - Max: $10,000,000
[2025-10-01 17:26:25]    ✅ Found: Arbitrum Bridge - Max: $2,000,000
[2025-10-01 17:26:25] 🎯 Monitoring primary target: Across Protocol V3
[2025-10-01 17:26:25]    💰 TVL increased by 9.61%
[2025-10-01 17:26:25]    📈 Higher TVL = Higher potential bounty
[2025-10-01 17:26:25] 🔄 Scanning alternative targets...
[2025-10-01 17:26:25] 🐎 Checking infiltration status...
[2025-10-01 17:26:25]    Status: SDK proposal pending review
[2025-10-01 17:26:25] 🚨 ALERT: New high-value bounties detected!
[2025-10-01 17:26:25] 💤 Sleeping for 300 seconds...
[2025-10-01 17:31:25] 
🔄 Monitoring Cycle #47
[2025-10-01 17:31:25] Time: 2025-10-01 17:31:25
[2025-10-01 17:31:25] 🔍 Scanning for new high-value bounties...
[2025-10-01 17:31:25]    ✅ Found: Wormhole - Max: $10,000,000
[2025-10-01 17:31:25]    ✅ Found: Arbitrum Bridge - Max: $2,000,000
[2025-10-01 17:31:25] 🎯 Monitoring primary target: Across Protocol V3
[2025-10-01 17:31:25]    💰 TVL increased by 8.43%
[2025-10-01 17:31:25]    📈 Higher TVL = Higher potential bounty
[2025-10-01 17:31:25] 🔄 Scanning alternative targets...
[2025-10-01 17:31:25] 🐎 Checking infiltration status...
[2025-10-01 17:31:25]    Status: Testing exploit on local fork
[2025-10-01 17:31:25] 🚨 ALERT: New high-value bounties detected!
[2025-10-01 17:31:25] 💤 Sleeping for 300 seconds...
[2025-10-01 17:36:25] 
🔄 Monitoring Cycle #48
[2025-10-01 17:36:25] Time: 2025-10-01 17:36:25
[2025-10-01 17:36:25] 🔍 Scanning for new high-value bounties...
[2025-10-01 17:36:25]    ✅ Found: Wormhole - Max: $10,000,000
[2025-10-01 17:36:25]    ✅ Found: Arbitrum Bridge - Max: $2,000,000
[2025-10-01 17:36:25] 🎯 Monitoring primary target: Across Protocol V3
[2025-10-01 17:36:25]    📝 2 new commits detected
[2025-10-01 17:36:25]    ⚠️  Analyzing changes for vulnerability patches...
[2025-10-01 17:36:25]    💰 TVL increased by 6.81%
[2025-10-01 17:36:25]    📈 Higher TVL = Higher potential bounty
[2025-10-01 17:36:25] 🔄 Scanning alternative targets...
[2025-10-01 17:36:25] 🐎 Checking infiltration status...
[2025-10-01 17:36:25]    Status: Joined Discord, gaining trust
[2025-10-01 17:36:25] 🚨 ALERT: New high-value bounties detected!
[2025-10-01 17:36:25] 💤 Sleeping for 300 seconds...
[2025-10-01 17:41:25] 
🔄 Monitoring Cycle #49
[2025-10-01 17:41:25] Time: 2025-10-01 17:41:25
[2025-10-01 17:41:25] 🔍 Scanning for new high-value bounties...
[2025-10-01 17:41:25]    ✅ Found: Wormhole - Max: $10,000,000
[2025-10-01 17:41:25]    ✅ Found: Arbitrum Bridge - Max: $2,000,000
[2025-10-01 17:41:25] 🎯 Monitoring primary target: Across Protocol V3
[2025-10-01 17:41:25] 🔄 Scanning alternative targets...
[2025-10-01 17:41:25] 🐎 Checking infiltration status...
[2025-10-01 17:41:25]    Status: Joined Discord, gaining trust
[2025-10-01 17:41:25] 🚨 ALERT: New high-value bounties detected!
[2025-10-01 17:41:25] 💤 Sleeping for 300 seconds...
[2025-10-02 16:51:46] 
🔄 Monitoring Cycle #50
[2025-10-02 16:51:46] Time: 2025-10-02 16:51:46
[2025-10-02 16:51:46] 🔍 Scanning for new high-value bounties...
[2025-10-02 16:51:46]    ✅ Found: Wormhole - Max: $10,000,000
[2025-10-02 16:51:46]    ✅ Found: Arbitrum Bridge - Max: $2,000,000
[2025-10-02 16:51:46] 🎯 Monitoring primary target: Across Protocol V3
[2025-10-02 16:51:46]    📝 1 new commits detected
[2025-10-02 16:51:46]    ⚠️  Analyzing changes for vulnerability patches...
[2025-10-02 16:51:46]    💰 TVL increased by 7.99%
[2025-10-02 16:51:46]    📈 Higher TVL = Higher potential bounty
[2025-10-02 16:51:46] 🔄 Scanning alternative targets...
[2025-10-02 16:51:46] 🐎 Checking infiltration status...
[2025-10-02 16:51:46]    Status: Testing exploit on local fork
[2025-10-02 16:51:46] 
============================================================
[2025-10-02 16:51:46] 📊 SHADOW HUNTER STATUS REPORT
[2025-10-02 16:51:46] ============================================================
[2025-10-02 16:51:46] Primary Target: Across Protocol V3
[2025-10-02 16:51:46] Vulnerabilities: 16 (4 high)
[2025-10-02 16:51:46] Expected Earnings: $407,250
[2025-10-02 16:51:46] Payment Address: 0x958BD67f2f6be2Dc46D0e9e0Dd6d33F52EfCA67C
[2025-10-02 16:51:46] ============================================================

[2025-10-02 16:51:46] 🚨 ALERT: New high-value bounties detected!
[2025-10-02 16:51:46] 💤 Sleeping for 300 seconds...
